{
  "RSpec": {
    "coverage": {
      "/home/chaves/projects/desafio-backend/spec/support/factory_bot.rb": {
        "lines": [
          null,
          null,
          1,
          null,
          1,
          1,
          null
        ]
      },
      "/home/chaves/projects/desafio-backend/spec/helpers/uploads_helper_spec.rb": {
        "lines": [
          null,
          null,
          1,
          null,
          null,
          null,
          null,
          null,
          null,
          null,
          null,
          null,
          null,
          null,
          1,
          1,
          null
        ]
      },
      "/home/chaves/projects/desafio-backend/spec/rails_helper.rb": {
        "lines": [
          null,
          null,
          null,
          1,
          1,
          1,
          1,
          1,
          1,
          null,
          null,
          1,
          null,
          0,
          0,
          null,
          null,
          1,
          1,
          1,
          1,
          1,
          null,
          null,
          1,
          1,
          1,
          1,
          null,
          null
        ]
      },
      "/home/chaves/projects/desafio-backend/config/environment.rb": {
        "lines": [
          null,
          null,
          null,
          1,
          null,
          null,
          1
        ]
      },
      "/home/chaves/projects/desafio-backend/config/application.rb": {
        "lines": [
          null,
          null,
          1,
          null,
          1,
          null,
          null,
          null,
          1,
          null,
          1,
          1,
          null,
          1,
          1,
          1,
          null,
          null,
          null,
          null,
          null,
          null,
          null,
          null
        ]
      },
      "/home/chaves/projects/desafio-backend/config/boot.rb": {
        "lines": [
          null,
          null,
          1,
          null,
          1,
          1
        ]
      },
      "/home/chaves/projects/desafio-backend/config/spring.rb": {
        "lines": [
          null,
          null,
          1,
          null,
          null,
          null,
          null,
          null
        ]
      },
      "/home/chaves/projects/desafio-backend/config/environments/test.rb": {
        "lines": [
          null,
          null,
          null,
          null,
          null,
          null,
          null,
          1,
          null,
          null,
          1,
          1,
          null,
          null,
          null,
          null,
          1,
          1,
          null,
          null,
          1,
          1,
          null,
          null,
          null,
          null,
          1,
          1,
          1,
          null,
          null,
          1,
          null,
          null,
          1,
          null,
          null,
          1,
          null,
          1,
          null,
          null,
          null,
          null,
          1,
          null,
          null,
          1,
          null,
          null,
          null,
          null
        ]
      },
      "/home/chaves/projects/desafio-backend/config/initializers/application_controller_renderer.rb": {
        "lines": [
          null,
          null,
          null,
          null,
          null,
          null,
          null,
          null,
          null
        ]
      },
      "/home/chaves/projects/desafio-backend/config/initializers/assets.rb": {
        "lines": [
          null,
          null,
          null,
          null,
          null,
          1,
          null,
          null,
          null,
          null,
          1,
          null,
          null,
          null,
          null,
          null
        ]
      },
      "/home/chaves/projects/desafio-backend/config/initializers/backtrace_silencers.rb": {
        "lines": [
          null,
          null,
          null,
          null,
          null,
          null,
          null,
          null
        ]
      },
      "/home/chaves/projects/desafio-backend/config/initializers/content_security_policy.rb": {
        "lines": [
          null,
          null,
          null,
          null,
          null,
          null,
          null,
          null,
          null,
          null,
          null,
          null,
          null,
          null,
          null,
          null,
          null,
          null,
          null,
          null,
          null,
          null,
          null,
          null,
          null,
          null,
          null,
          null,
          null,
          null,
          null
        ]
      },
      "/home/chaves/projects/desafio-backend/config/initializers/cookies_serializer.rb": {
        "lines": [
          null,
          null,
          null,
          null,
          null,
          null,
          1
        ]
      },
      "/home/chaves/projects/desafio-backend/config/initializers/filter_parameter_logging.rb": {
        "lines": [
          null,
          null,
          null,
          null,
          null,
          1
        ]
      },
      "/home/chaves/projects/desafio-backend/config/initializers/inflections.rb": {
        "lines": [
          null,
          null,
          null,
          null,
          null,
          null,
          null,
          null,
          null,
          null,
          null,
          null,
          null,
          null,
          null,
          null,
          null
        ]
      },
      "/home/chaves/projects/desafio-backend/config/initializers/mime_types.rb": {
        "lines": [
          null,
          null,
          null,
          null,
          null
        ]
      },
      "/home/chaves/projects/desafio-backend/config/initializers/wrap_parameters.rb": {
        "lines": [
          null,
          null,
          null,
          null,
          null,
          null,
          null,
          null,
          1,
          2,
          null,
          null,
          null,
          null,
          null,
          null
        ]
      },
      "/home/chaves/projects/desafio-backend/spec/factories/expense_specifications.rb": {
        "lines": [
          null,
          null,
          1,
          1,
          1,
          1,
          null,
          null
        ]
      },
      "/home/chaves/projects/desafio-backend/spec/factories/expense_types.rb": {
        "lines": [
          null,
          null,
          1,
          null,
          1,
          1,
          1,
          1,
          null,
          1,
          1,
          0,
          null,
          null,
          null,
          null
        ]
      },
      "/home/chaves/projects/desafio-backend/spec/factories/expenses.rb": {
        "lines": [
          null,
          null,
          1,
          1,
          1,
          1,
          1,
          1,
          1,
          1,
          1,
          1,
          1,
          1,
          1,
          null,
          1,
          1,
          0,
          0,
          null,
          null,
          null,
          1,
          1,
          0,
          0,
          null,
          null,
          null,
          null
        ]
      },
      "/home/chaves/projects/desafio-backend/spec/factories/legislatures.rb": {
        "lines": [
          null,
          null,
          1,
          null,
          1,
          1,
          9,
          9,
          null,
          null
        ]
      },
      "/home/chaves/projects/desafio-backend/spec/factories/political_parties.rb": {
        "lines": [
          null,
          null,
          1,
          null,
          1,
          1,
          9,
          null,
          null
        ]
      },
      "/home/chaves/projects/desafio-backend/spec/factories/politicians.rb": {
        "lines": [
          null,
          null,
          1,
          1,
          null,
          1,
          1,
          9,
          9,
          9,
          9,
          9,
          null,
          1,
          1,
          8,
          null,
          null,
          null,
          1,
          1,
          8,
          null,
          null,
          null,
          null
        ]
      },
      "/home/chaves/projects/desafio-backend/spec/factories/providers.rb": {
        "lines": [
          null,
          null,
          1,
          1,
          null,
          1,
          1,
          1,
          1,
          null,
          null
        ]
      },
      "/home/chaves/projects/desafio-backend/config/routes.rb": {
        "lines": [
          null,
          null,
          1,
          1,
          1,
          1,
          null,
          null,
          null
        ]
      },
      "/home/chaves/projects/desafio-backend/app/helpers/application_helper.rb": {
        "lines": [
          null,
          null,
          1,
          null
        ]
      },
      "/home/chaves/projects/desafio-backend/app/helpers/uploads_helper.rb": {
        "lines": [
          null,
          null,
          1,
          null
        ]
      },
      "/home/chaves/projects/desafio-backend/spec/models/expense_spec.rb": {
        "lines": [
          null,
          null,
          1,
          null,
          1,
          1,
          2,
          2,
          2,
          null,
          null,
          1,
          2,
          2,
          2,
          2,
          2,
          2,
          2,
          2,
          2,
          2,
          2,
          null,
          null
        ]
      },
      "/home/chaves/projects/desafio-backend/app/models/expense.rb": {
        "lines": [
          null,
          null,
          1,
          1,
          1,
          1,
          null,
          1,
          null,
          null,
          null,
          null,
          null,
          null,
          null,
          1,
          null,
          null
        ]
      },
      "/home/chaves/projects/desafio-backend/app/models/application_record.rb": {
        "lines": [
          null,
          null,
          1,
          1,
          null
        ]
      },
      "/home/chaves/projects/desafio-backend/spec/models/expense_specification_spec.rb": {
        "lines": [
          null,
          null,
          1,
          null,
          1,
          1,
          2,
          null,
          null,
          1,
          2,
          2,
          null,
          null
        ]
      },
      "/home/chaves/projects/desafio-backend/app/models/expense_specification.rb": {
        "lines": [
          null,
          null,
          1,
          1,
          null,
          1,
          1,
          null
        ]
      },
      "/home/chaves/projects/desafio-backend/spec/models/expense_type_spec.rb": {
        "lines": [
          null,
          null,
          1,
          null,
          1,
          1,
          2,
          null,
          null,
          1,
          2,
          2,
          null,
          null
        ]
      },
      "/home/chaves/projects/desafio-backend/app/models/expense_type.rb": {
        "lines": [
          null,
          null,
          1,
          1,
          null,
          1,
          1,
          null
        ]
      },
      "/home/chaves/projects/desafio-backend/spec/models/legislature_spec.rb": {
        "lines": [
          null,
          null,
          1,
          null,
          1,
          1,
          2,
          null,
          null,
          1,
          2,
          2,
          null,
          null
        ]
      },
      "/home/chaves/projects/desafio-backend/app/models/legislature.rb": {
        "lines": [
          null,
          null,
          1,
          1,
          null,
          1,
          1,
          null
        ]
      },
      "/home/chaves/projects/desafio-backend/spec/models/political_party_spec.rb": {
        "lines": [
          null,
          null,
          1,
          null,
          1,
          1,
          2,
          null,
          null,
          1,
          2,
          2,
          null,
          null
        ]
      },
      "/home/chaves/projects/desafio-backend/app/models/political_party.rb": {
        "lines": [
          null,
          null,
          1,
          1,
          null,
          1,
          null
        ]
      },
      "/home/chaves/projects/desafio-backend/spec/models/politician_spec.rb": {
        "lines": [
          null,
          null,
          1,
          null,
          1,
          9,
          null,
          1,
          2,
          2,
          2,
          null,
          null,
          1,
          6,
          null,
          2,
          2,
          2,
          2,
          2,
          null,
          null
        ]
      },
      "/home/chaves/projects/desafio-backend/app/models/politician.rb": {
        "lines": [
          null,
          null,
          1,
          1,
          1,
          1,
          null,
          1,
          1,
          null,
          1,
          0,
          null,
          null
        ]
      },
      "/home/chaves/projects/desafio-backend/spec/models/provider_spec.rb": {
        "lines": [
          null,
          null,
          1,
          null,
          1,
          2,
          2,
          null
        ]
      },
      "/home/chaves/projects/desafio-backend/app/models/provider.rb": {
        "lines": [
          null,
          null,
          1,
          1,
          1,
          null
        ]
      },
      "/home/chaves/projects/desafio-backend/spec/requests/uploads_spec.rb": {
        "lines": [
          null,
          null,
          1,
          null,
          1,
          1,
          1,
          null,
          null
        ]
      },
      "/home/chaves/projects/desafio-backend/spec/services/csv_uploads/csv_handler_service_spec.rb": {
        "lines": [
          null,
          null,
          1,
          null,
          1,
          4,
          null,
          1,
          1,
          3,
          3,
          3,
          null,
          null,
          1,
          3,
          null,
          1,
          1,
          null,
          null,
          1,
          1,
          1,
          null,
          null,
          null,
          1,
          2,
          null,
          1,
          1,
          null,
          null,
          null,
          null
        ]
      },
      "/home/chaves/projects/desafio-backend/app/services/csv_uploads/csv_handler_service.rb": {
        "lines": [
          null,
          null,
          1,
          null,
          1,
          1,
          1,
          3,
          null,
          null,
          1,
          3,
          null,
          null,
          1,
          null,
          1,
          1,
          null,
          1,
          3,
          null,
          3,
          20,
          20,
          18,
          null,
          18,
          null,
          18,
          null,
          null,
          2,
          null,
          1,
          null,
          null,
          1,
          null,
          18,
          null,
          null,
          null,
          null,
          null,
          null,
          null,
          null,
          null,
          null,
          null,
          null,
          null,
          null,
          null,
          null,
          null,
          null,
          null,
          null,
          null,
          null,
          null,
          null,
          null,
          null,
          null,
          null,
          null,
          null,
          null,
          null,
          null,
          null,
          null,
          null,
          null,
          null,
          null,
          null,
          null,
          null,
          null,
          null,
          null,
          1,
          18,
          null,
          null,
          null
        ]
      },
      "/home/chaves/projects/desafio-backend/app/services/application_service.rb": {
        "lines": [
          null,
          null,
          1,
          null,
          null
        ]
      },
      "/home/chaves/projects/desafio-backend/spec/services/csv_uploads/store_data_service_spec.rb": {
        "lines": [
          null,
          null,
          1,
          1,
          null,
          1,
          4,
          null,
          1,
          1,
          1,
          null,
          2,
          null,
          null,
          null,
          null,
          null,
          null,
          null,
          null,
          null,
          null,
          null,
          null,
          null,
          null,
          null,
          null,
          null,
          null,
          null,
          null,
          null,
          null,
          null,
          null,
          null,
          null,
          null,
          null,
          null,
          null,
          null,
          null,
          null,
          null,
          null,
          null,
          null,
          null,
          null,
          null,
          null,
          null,
          null,
          null,
          null,
          1,
          2,
          null,
          null,
          null,
          null,
          null,
          null,
          null,
          null,
          null,
          null,
          null,
          null,
          null,
          null,
          null,
          1,
          1,
          null,
          2,
          null,
          null,
          null,
          null,
          null,
          null,
          null,
          null,
          null,
          null,
          null,
          null,
          null,
          null,
          null,
          null,
          1,
          1,
          null,
          1,
          null,
          null,
          null,
          null,
          null,
          null,
          null,
          null,
          null,
          null,
          null,
          null,
          null,
          null,
          null,
          null,
          1,
          2,
          null,
          null,
          null,
          null,
          null,
          null,
          null,
          null,
          null,
          null,
          null,
          null,
          null,
          null,
          null,
          null,
          null
        ]
      },
      "/home/chaves/projects/desafio-backend/app/services/csv_uploads/store_data_service.rb": {
        "lines": [
          null,
          null,
          1,
          1,
          1,
          3,
          3,
          null,
          null,
          1,
          null,
          1,
          null,
          1,
          3,
          3,
          3,
          2,
          2,
          2,
          2,
          2,
          null,
          null,
          1,
          null,
          null,
          1,
          3,
          null,
          null,
          1,
          3,
          null,
          null,
          1,
          2,
          null,
          null,
          null,
          null,
          null,
          1,
          2,
          null,
          null,
          1,
          2,
          null,
          null,
          1,
          2,
          null,
          null,
          null,
          null,
          null,
          1,
          2,
          null,
          null,
          null,
          null,
          null,
          null
        ]
      }
    },
    "timestamp": 1659824889
  }
}
